c:\users\juju5\documents\github\parkcom\se_level3\businesscardbinderapiprogramming20170309\businesscardbinderapiprogramming20170309\debug\vc141.pdb
c:\users\juju5\documents\github\parkcom\se_level3\businesscardbinderapiprogramming20170309\businesscardbinderapiprogramming20170309\debug\vc141.idb
c:\users\juju5\documents\github\parkcom\se_level3\businesscardbinderapiprogramming20170309\businesscardbinderapiprogramming20170309\debug\businesscardbinder.obj
c:\users\juju5\documents\github\parkcom\se_level3\businesscardbinderapiprogramming20170309\businesscardbinderapiprogramming20170309\debug\businesscardbinderfindingform.obj
c:\users\juju5\documents\github\parkcom\se_level3\businesscardbinderapiprogramming20170309\businesscardbinderapiprogramming20170309\debug\businesscardbinderform.obj
c:\users\juju5\documents\github\parkcom\se_level3\businesscardbinderapiprogramming20170309\businesscardbinderapiprogramming20170309\debug\takinginform.obj
c:\users\juju5\documents\github\parkcom\se_level3\businesscardbinderapiprogramming20170309\businesscardbinderapiprogramming20170309\debug\takingoutform.obj
c:\users\juju5\documents\github\parkcom\se_level3\businesscardbinderapiprogramming20170309\businesscardbinderapiprogramming20170309\debug\resource.res
c:\users\juju5\documents\github\parkcom\se_level3\businesscardbinderapiprogramming20170309\businesscardbinderapiprogramming20170309\debug\businesscardbinderfindingform.obj.enc
c:\users\juju5\documents\github\parkcom\se_level3\businesscardbinderapiprogramming20170309\debug\businesscardbinderapiprogramming20170309.pdb
c:\users\juju5\documents\github\parkcom\se_level3\businesscardbinderapiprogramming20170309\debug\businesscardbinderapiprogramming20170309.exe
c:\users\juju5\documents\github\parkcom\se_level3\businesscardbinderapiprogramming20170309\debug\businesscardbinderapiprogramming20170309.ilk
c:\users\juju5\documents\github\parkcom\se_level3\businesscardbinderapiprogramming20170309\businesscardbinderapiprogramming20170309\debug\business.686b2562.tlog\cl.command.1.tlog
c:\users\juju5\documents\github\parkcom\se_level3\businesscardbinderapiprogramming20170309\businesscardbinderapiprogramming20170309\debug\business.686b2562.tlog\cl.read.1.tlog
c:\users\juju5\documents\github\parkcom\se_level3\businesscardbinderapiprogramming20170309\businesscardbinderapiprogramming20170309\debug\business.686b2562.tlog\cl.write.1.tlog
c:\users\juju5\documents\github\parkcom\se_level3\businesscardbinderapiprogramming20170309\businesscardbinderapiprogramming20170309\debug\business.686b2562.tlog\link.command.1.tlog
c:\users\juju5\documents\github\parkcom\se_level3\businesscardbinderapiprogramming20170309\businesscardbinderapiprogramming20170309\debug\business.686b2562.tlog\link.read.1.tlog
c:\users\juju5\documents\github\parkcom\se_level3\businesscardbinderapiprogramming20170309\businesscardbinderapiprogramming20170309\debug\business.686b2562.tlog\link.write.1.tlog
c:\users\juju5\documents\github\parkcom\se_level3\businesscardbinderapiprogramming20170309\businesscardbinderapiprogramming20170309\debug\business.686b2562.tlog\rc.command.1.tlog
c:\users\juju5\documents\github\parkcom\se_level3\businesscardbinderapiprogramming20170309\businesscardbinderapiprogramming20170309\debug\business.686b2562.tlog\rc.read.1.tlog
c:\users\juju5\documents\github\parkcom\se_level3\businesscardbinderapiprogramming20170309\businesscardbinderapiprogramming20170309\debug\business.686b2562.tlog\rc.write.1.tlog
