  BusinessCardBinderForm.c
c:\users\juju5\documents\github\parkcom\se_level3\businesscardbinderapiprogramming20170309\businesscardbinderapiprogramming20170309\businesscardbinderform.c(32): error C2065: 'BusinessCardBinder': 선언되지 않은 식별자입니다.
c:\users\juju5\documents\github\parkcom\se_level3\businesscardbinderapiprogramming20170309\businesscardbinderapiprogramming20170309\businesscardbinderform.c(32): error C2065: 'businessCardBinder': 선언되지 않은 식별자입니다.
c:\users\juju5\documents\github\parkcom\se_level3\businesscardbinderapiprogramming20170309\businesscardbinderapiprogramming20170309\businesscardbinderform.c(32): warning C4552: '*': 의미 없는 연산자입니다. 파생 작업이 있는 연산자여야 합니다.
c:\users\juju5\documents\github\parkcom\se_level3\businesscardbinderapiprogramming20170309\businesscardbinderapiprogramming20170309\businesscardbinderform.c(33): error C2065: 'businessCardBinder': 선언되지 않은 식별자입니다.
c:\users\juju5\documents\github\parkcom\se_level3\businesscardbinderapiprogramming20170309\businesscardbinderapiprogramming20170309\businesscardbinderform.c(33): error C2065: 'BusinessCardBinder': 선언되지 않은 식별자입니다.
c:\users\juju5\documents\github\parkcom\se_level3\businesscardbinderapiprogramming20170309\businesscardbinderapiprogramming20170309\businesscardbinderform.c(33): error C2059: 구문 오류: ')'
c:\users\juju5\documents\github\parkcom\se_level3\businesscardbinderapiprogramming20170309\businesscardbinderapiprogramming20170309\businesscardbinderform.c(34): warning C4013: 'Create'이(가) 정의되지 않았습니다. extern은 int형을 반환하는 것으로 간주합니다.
c:\users\juju5\documents\github\parkcom\se_level3\businesscardbinderapiprogramming20170309\businesscardbinderapiprogramming20170309\businesscardbinderform.c(34): error C2065: 'businessCardBinder': 선언되지 않은 식별자입니다.
c:\users\juju5\documents\github\parkcom\se_level3\businesscardbinderapiprogramming20170309\businesscardbinderapiprogramming20170309\businesscardbinderform.c(35): error C2065: 'businessCardBinder': 선언되지 않은 식별자입니다.
c:\users\juju5\documents\github\parkcom\se_level3\businesscardbinderapiprogramming20170309\businesscardbinderapiprogramming20170309\businesscardbinderform.c(64): error C2065: 'BusinessCardBinder': 선언되지 않은 식별자입니다.
c:\users\juju5\documents\github\parkcom\se_level3\businesscardbinderapiprogramming20170309\businesscardbinderapiprogramming20170309\businesscardbinderform.c(64): error C2065: 'businessCardBinder': 선언되지 않은 식별자입니다.
c:\users\juju5\documents\github\parkcom\se_level3\businesscardbinderapiprogramming20170309\businesscardbinderapiprogramming20170309\businesscardbinderform.c(64): warning C4552: '*': 의미 없는 연산자입니다. 파생 작업이 있는 연산자여야 합니다.
c:\users\juju5\documents\github\parkcom\se_level3\businesscardbinderapiprogramming20170309\businesscardbinderapiprogramming20170309\businesscardbinderform.c(65): error C2065: 'businessCardBinder': 선언되지 않은 식별자입니다.
c:\users\juju5\documents\github\parkcom\se_level3\businesscardbinderapiprogramming20170309\businesscardbinderapiprogramming20170309\businesscardbinderform.c(65): error C2065: 'BusinessCardBinder': 선언되지 않은 식별자입니다.
c:\users\juju5\documents\github\parkcom\se_level3\businesscardbinderapiprogramming20170309\businesscardbinderapiprogramming20170309\businesscardbinderform.c(65): error C2059: 구문 오류: ')'
c:\users\juju5\documents\github\parkcom\se_level3\businesscardbinderapiprogramming20170309\businesscardbinderapiprogramming20170309\businesscardbinderform.c(66): error C2065: 'businessCardBinder': 선언되지 않은 식별자입니다.
c:\users\juju5\documents\github\parkcom\se_level3\businesscardbinderapiprogramming20170309\businesscardbinderapiprogramming20170309\businesscardbinderform.c(66): warning C4047: '!=': 'int'의 간접 참조 수준이 'void *'과(와) 다릅니다.
c:\users\juju5\documents\github\parkcom\se_level3\businesscardbinderapiprogramming20170309\businesscardbinderapiprogramming20170309\businesscardbinderform.c(67): warning C4013: 'Destroy'이(가) 정의되지 않았습니다. extern은 int형을 반환하는 것으로 간주합니다.
c:\users\juju5\documents\github\parkcom\se_level3\businesscardbinderapiprogramming20170309\businesscardbinderapiprogramming20170309\businesscardbinderform.c(67): error C2065: 'businessCardBinder': 선언되지 않은 식별자입니다.
c:\users\juju5\documents\github\parkcom\se_level3\businesscardbinderapiprogramming20170309\businesscardbinderapiprogramming20170309\businesscardbinderform.c(68): error C2065: 'businessCardBinder': 선언되지 않은 식별자입니다.
c:\users\juju5\documents\github\parkcom\se_level3\businesscardbinderapiprogramming20170309\businesscardbinderapiprogramming20170309\businesscardbinderform.c(68): warning C4022: 'free': 실제 매개 변수 1의 포인터가 일치하지 않습니다.
c:\users\juju5\documents\github\parkcom\se_level3\businesscardbinderapiprogramming20170309\businesscardbinderapiprogramming20170309\businesscardbinderform.c(96): error C2065: 'BusinessCardBinder': 선언되지 않은 식별자입니다.
c:\users\juju5\documents\github\parkcom\se_level3\businesscardbinderapiprogramming20170309\businesscardbinderapiprogramming20170309\businesscardbinderform.c(96): error C2065: 'businessCardBinder': 선언되지 않은 식별자입니다.
c:\users\juju5\documents\github\parkcom\se_level3\businesscardbinderapiprogramming20170309\businesscardbinderapiprogramming20170309\businesscardbinderform.c(96): warning C4552: '*': 의미 없는 연산자입니다. 파생 작업이 있는 연산자여야 합니다.
c:\users\juju5\documents\github\parkcom\se_level3\businesscardbinderapiprogramming20170309\businesscardbinderapiprogramming20170309\businesscardbinderform.c(97): error C2065: 'BusinessCard': 선언되지 않은 식별자입니다.
c:\users\juju5\documents\github\parkcom\se_level3\businesscardbinderapiprogramming20170309\businesscardbinderapiprogramming20170309\businesscardbinderform.c(97): error C2065: 'index': 선언되지 않은 식별자입니다.
c:\users\juju5\documents\github\parkcom\se_level3\businesscardbinderapiprogramming20170309\businesscardbinderapiprogramming20170309\businesscardbinderform.c(97): warning C4552: '*': 의미 없는 연산자입니다. 파생 작업이 있는 연산자여야 합니다.
c:\users\juju5\documents\github\parkcom\se_level3\businesscardbinderapiprogramming20170309\businesscardbinderapiprogramming20170309\businesscardbinderform.c(99): error C2065: 'businessCardBinder': 선언되지 않은 식별자입니다.
c:\users\juju5\documents\github\parkcom\se_level3\businesscardbinderapiprogramming20170309\businesscardbinderapiprogramming20170309\businesscardbinderform.c(99): error C2065: 'BusinessCardBinder': 선언되지 않은 식별자입니다.
c:\users\juju5\documents\github\parkcom\se_level3\businesscardbinderapiprogramming20170309\businesscardbinderapiprogramming20170309\businesscardbinderform.c(99): error C2059: 구문 오류: ')'
c:\users\juju5\documents\github\parkcom\se_level3\businesscardbinderapiprogramming20170309\businesscardbinderapiprogramming20170309\businesscardbinderform.c(100): warning C4013: 'Arrange'이(가) 정의되지 않았습니다. extern은 int형을 반환하는 것으로 간주합니다.
c:\users\juju5\documents\github\parkcom\se_level3\businesscardbinderapiprogramming20170309\businesscardbinderapiprogramming20170309\businesscardbinderform.c(100): error C2065: 'businessCardBinder': 선언되지 않은 식별자입니다.
c:\users\juju5\documents\github\parkcom\se_level3\businesscardbinderapiprogramming20170309\businesscardbinderapiprogramming20170309\businesscardbinderform.c(101): error C2065: 'index': 선언되지 않은 식별자입니다.
c:\users\juju5\documents\github\parkcom\se_level3\businesscardbinderapiprogramming20170309\businesscardbinderapiprogramming20170309\businesscardbinderform.c(101): warning C4013: 'First'이(가) 정의되지 않았습니다. extern은 int형을 반환하는 것으로 간주합니다.
c:\users\juju5\documents\github\parkcom\se_level3\businesscardbinderapiprogramming20170309\businesscardbinderapiprogramming20170309\businesscardbinderform.c(101): error C2065: 'businessCardBinder': 선언되지 않은 식별자입니다.
c:\users\juju5\documents\github\parkcom\se_level3\businesscardbinderapiprogramming20170309\businesscardbinderapiprogramming20170309\businesscardbinderform.c(102): error C2065: 'index': 선언되지 않은 식별자입니다.
c:\users\juju5\documents\github\parkcom\se_level3\businesscardbinderapiprogramming20170309\businesscardbinderapiprogramming20170309\businesscardbinderform.c(102): warning C4047: '!=': 'int'의 간접 참조 수준이 'void *'과(와) 다릅니다.
c:\users\juju5\documents\github\parkcom\se_level3\businesscardbinderapiprogramming20170309\businesscardbinderapiprogramming20170309\businesscardbinderform.c(103): error C2065: 'index': 선언되지 않은 식별자입니다.
c:\users\juju5\documents\github\parkcom\se_level3\businesscardbinderapiprogramming20170309\businesscardbinderapiprogramming20170309\businesscardbinderform.c(103): error C2223: '->personal' 왼쪽은 구조체/공용 구조체를 가리켜야 합니다.
c:\users\juju5\documents\github\parkcom\se_level3\businesscardbinderapiprogramming20170309\businesscardbinderapiprogramming20170309\businesscardbinderform.c(103): error C2198: 'SendMessageA': 호출에 매개 변수가 너무 적습니다.
c:\users\juju5\documents\github\parkcom\se_level3\businesscardbinderapiprogramming20170309\businesscardbinderapiprogramming20170309\businesscardbinderform.c(104): error C2065: 'index': 선언되지 않은 식별자입니다.
c:\users\juju5\documents\github\parkcom\se_level3\businesscardbinderapiprogramming20170309\businesscardbinderapiprogramming20170309\businesscardbinderform.c(104): error C2223: '->personal' 왼쪽은 구조체/공용 구조체를 가리켜야 합니다.
c:\users\juju5\documents\github\parkcom\se_level3\businesscardbinderapiprogramming20170309\businesscardbinderapiprogramming20170309\businesscardbinderform.c(104): error C2198: 'SendMessageA': 호출에 매개 변수가 너무 적습니다.
c:\users\juju5\documents\github\parkcom\se_level3\businesscardbinderapiprogramming20170309\businesscardbinderapiprogramming20170309\businesscardbinderform.c(105): error C2065: 'index': 선언되지 않은 식별자입니다.
c:\users\juju5\documents\github\parkcom\se_level3\businesscardbinderapiprogramming20170309\businesscardbinderapiprogramming20170309\businesscardbinderform.c(105): error C2223: '->personal' 왼쪽은 구조체/공용 구조체를 가리켜야 합니다.
c:\users\juju5\documents\github\parkcom\se_level3\businesscardbinderapiprogramming20170309\businesscardbinderapiprogramming20170309\businesscardbinderform.c(105): error C2198: 'SendMessageA': 호출에 매개 변수가 너무 적습니다.
c:\users\juju5\documents\github\parkcom\se_level3\businesscardbinderapiprogramming20170309\businesscardbinderapiprogramming20170309\businesscardbinderform.c(106): error C2065: 'index': 선언되지 않은 식별자입니다.
c:\users\juju5\documents\github\parkcom\se_level3\businesscardbinderapiprogramming20170309\businesscardbinderapiprogramming20170309\businesscardbinderform.c(106): error C2223: '->personal' 왼쪽은 구조체/공용 구조체를 가리켜야 합니다.
c:\users\juju5\documents\github\parkcom\se_level3\businesscardbinderapiprogramming20170309\businesscardbinderapiprogramming20170309\businesscardbinderform.c(106): error C2198: 'SendMessageA': 호출에 매개 변수가 너무 적습니다.
c:\users\juju5\documents\github\parkcom\se_level3\businesscardbinderapiprogramming20170309\businesscardbinderapiprogramming20170309\businesscardbinderform.c(107): error C2065: 'index': 선언되지 않은 식별자입니다.
c:\users\juju5\documents\github\parkcom\se_level3\businesscardbinderapiprogramming20170309\businesscardbinderapiprogramming20170309\businesscardbinderform.c(107): error C2223: '->company' 왼쪽은 구조체/공용 구조체를 가리켜야 합니다.
c:\users\juju5\documents\github\parkcom\se_level3\businesscardbinderapiprogramming20170309\businesscardbinderapiprogramming20170309\businesscardbinderform.c(107): error C2198: 'SendMessageA': 호출에 매개 변수가 너무 적습니다.
c:\users\juju5\documents\github\parkcom\se_level3\businesscardbinderapiprogramming20170309\businesscardbinderapiprogramming20170309\businesscardbinderform.c(108): error C2065: 'index': 선언되지 않은 식별자입니다.
c:\users\juju5\documents\github\parkcom\se_level3\businesscardbinderapiprogramming20170309\businesscardbinderapiprogramming20170309\businesscardbinderform.c(108): error C2223: '->company' 왼쪽은 구조체/공용 구조체를 가리켜야 합니다.
c:\users\juju5\documents\github\parkcom\se_level3\businesscardbinderapiprogramming20170309\businesscardbinderapiprogramming20170309\businesscardbinderform.c(108): error C2198: 'SendMessageA': 호출에 매개 변수가 너무 적습니다.
c:\users\juju5\documents\github\parkcom\se_level3\businesscardbinderapiprogramming20170309\businesscardbinderapiprogramming20170309\businesscardbinderform.c(109): error C2065: 'index': 선언되지 않은 식별자입니다.
c:\users\juju5\documents\github\parkcom\se_level3\businesscardbinderapiprogramming20170309\businesscardbinderapiprogramming20170309\businesscardbinderform.c(109): error C2223: '->company' 왼쪽은 구조체/공용 구조체를 가리켜야 합니다.
c:\users\juju5\documents\github\parkcom\se_level3\businesscardbinderapiprogramming20170309\businesscardbinderapiprogramming20170309\businesscardbinderform.c(109): error C2198: 'SendMessageA': 호출에 매개 변수가 너무 적습니다.
c:\users\juju5\documents\github\parkcom\se_level3\businesscardbinderapiprogramming20170309\businesscardbinderapiprogramming20170309\businesscardbinderform.c(110): error C2065: 'index': 선언되지 않은 식별자입니다.
c:\users\juju5\documents\github\parkcom\se_level3\businesscardbinderapiprogramming20170309\businesscardbinderapiprogramming20170309\businesscardbinderform.c(110): error C2223: '->company' 왼쪽은 구조체/공용 구조체를 가리켜야 합니다.
c:\users\juju5\documents\github\parkcom\se_level3\businesscardbinderapiprogramming20170309\businesscardbinderapiprogramming20170309\businesscardbinderform.c(110): error C2198: 'SendMessageA': 호출에 매개 변수가 너무 적습니다.
c:\users\juju5\documents\github\parkcom\se_level3\businesscardbinderapiprogramming20170309\businesscardbinderapiprogramming20170309\businesscardbinderform.c(111): error C2065: 'index': 선언되지 않은 식별자입니다.
c:\users\juju5\documents\github\parkcom\se_level3\businesscardbinderapiprogramming20170309\businesscardbinderapiprogramming20170309\businesscardbinderform.c(111): error C2223: '->company' 왼쪽은 구조체/공용 구조체를 가리켜야 합니다.
c:\users\juju5\documents\github\parkcom\se_level3\businesscardbinderapiprogramming20170309\businesscardbinderapiprogramming20170309\businesscardbinderform.c(111): error C2198: 'SendMessageA': 호출에 매개 변수가 너무 적습니다.
c:\users\juju5\documents\github\parkcom\se_level3\businesscardbinderapiprogramming20170309\businesscardbinderapiprogramming20170309\businesscardbinderform.c(118): error C2065: 'BusinessCardBinder': 선언되지 않은 식별자입니다.
c:\users\juju5\documents\github\parkcom\se_level3\businesscardbinderapiprogramming20170309\businesscardbinderapiprogramming20170309\businesscardbinderform.c(118): error C2065: 'businessCardBinder': 선언되지 않은 식별자입니다.
c:\users\juju5\documents\github\parkcom\se_level3\businesscardbinderapiprogramming20170309\businesscardbinderapiprogramming20170309\businesscardbinderform.c(118): warning C4552: '*': 의미 없는 연산자입니다. 파생 작업이 있는 연산자여야 합니다.
c:\users\juju5\documents\github\parkcom\se_level3\businesscardbinderapiprogramming20170309\businesscardbinderapiprogramming20170309\businesscardbinderform.c(119): error C2065: 'BusinessCard': 선언되지 않은 식별자입니다.
c:\users\juju5\documents\github\parkcom\se_level3\businesscardbinderapiprogramming20170309\businesscardbinderapiprogramming20170309\businesscardbinderform.c(119): error C2065: 'index': 선언되지 않은 식별자입니다.
c:\users\juju5\documents\github\parkcom\se_level3\businesscardbinderapiprogramming20170309\businesscardbinderapiprogramming20170309\businesscardbinderform.c(119): warning C4552: '*': 의미 없는 연산자입니다. 파생 작업이 있는 연산자여야 합니다.
c:\users\juju5\documents\github\parkcom\se_level3\businesscardbinderapiprogramming20170309\businesscardbinderapiprogramming20170309\businesscardbinderform.c(121): error C2065: 'businessCardBinder': 선언되지 않은 식별자입니다.
c:\users\juju5\documents\github\parkcom\se_level3\businesscardbinderapiprogramming20170309\businesscardbinderapiprogramming20170309\businesscardbinderform.c(121): error C2065: 'BusinessCardBinder': 선언되지 않은 식별자입니다.
c:\users\juju5\documents\github\parkcom\se_level3\businesscardbinderapiprogramming20170309\businesscardbinderapiprogramming20170309\businesscardbinderform.c(121): error C2059: 구문 오류: ')'
c:\users\juju5\documents\github\parkcom\se_level3\businesscardbinderapiprogramming20170309\businesscardbinderapiprogramming20170309\businesscardbinderform.c(122): error C2065: 'index': 선언되지 않은 식별자입니다.
c:\users\juju5\documents\github\parkcom\se_level3\businesscardbinderapiprogramming20170309\businesscardbinderapiprogramming20170309\businesscardbinderform.c(122): error C2065: 'businessCardBinder': 선언되지 않은 식별자입니다.
c:\users\juju5\documents\github\parkcom\se_level3\businesscardbinderapiprogramming20170309\businesscardbinderapiprogramming20170309\businesscardbinderform.c(123): error C2065: 'index': 선언되지 않은 식별자입니다.
c:\users\juju5\documents\github\parkcom\se_level3\businesscardbinderapiprogramming20170309\businesscardbinderapiprogramming20170309\businesscardbinderform.c(123): warning C4047: '!=': 'int'의 간접 참조 수준이 'void *'과(와) 다릅니다.
c:\users\juju5\documents\github\parkcom\se_level3\businesscardbinderapiprogramming20170309\businesscardbinderapiprogramming20170309\businesscardbinderform.c(124): error C2065: 'index': 선언되지 않은 식별자입니다.
c:\users\juju5\documents\github\parkcom\se_level3\businesscardbinderapiprogramming20170309\businesscardbinderapiprogramming20170309\businesscardbinderform.c(124): error C2223: '->personal' 왼쪽은 구조체/공용 구조체를 가리켜야 합니다.
c:\users\juju5\documents\github\parkcom\se_level3\businesscardbinderapiprogramming20170309\businesscardbinderapiprogramming20170309\businesscardbinderform.c(124): error C2198: 'SendMessageA': 호출에 매개 변수가 너무 적습니다.
c:\users\juju5\documents\github\parkcom\se_level3\businesscardbinderapiprogramming20170309\businesscardbinderapiprogramming20170309\businesscardbinderform.c(125): error C2065: 'index': 선언되지 않은 식별자입니다.
c:\users\juju5\documents\github\parkcom\se_level3\businesscardbinderapiprogramming20170309\businesscardbinderapiprogramming20170309\businesscardbinderform.c(125): error C2223: '->personal' 왼쪽은 구조체/공용 구조체를 가리켜야 합니다.
c:\users\juju5\documents\github\parkcom\se_level3\businesscardbinderapiprogramming20170309\businesscardbinderapiprogramming20170309\businesscardbinderform.c(125): error C2198: 'SendMessageA': 호출에 매개 변수가 너무 적습니다.
c:\users\juju5\documents\github\parkcom\se_level3\businesscardbinderapiprogramming20170309\businesscardbinderapiprogramming20170309\businesscardbinderform.c(126): error C2065: 'index': 선언되지 않은 식별자입니다.
c:\users\juju5\documents\github\parkcom\se_level3\businesscardbinderapiprogramming20170309\businesscardbinderapiprogramming20170309\businesscardbinderform.c(126): error C2223: '->personal' 왼쪽은 구조체/공용 구조체를 가리켜야 합니다.
c:\users\juju5\documents\github\parkcom\se_level3\businesscardbinderapiprogramming20170309\businesscardbinderapiprogramming20170309\businesscardbinderform.c(126): error C2198: 'SendMessageA': 호출에 매개 변수가 너무 적습니다.
c:\users\juju5\documents\github\parkcom\se_level3\businesscardbinderapiprogramming20170309\businesscardbinderapiprogramming20170309\businesscardbinderform.c(127): error C2065: 'index': 선언되지 않은 식별자입니다.
c:\users\juju5\documents\github\parkcom\se_level3\businesscardbinderapiprogramming20170309\businesscardbinderapiprogramming20170309\businesscardbinderform.c(127): error C2223: '->personal' 왼쪽은 구조체/공용 구조체를 가리켜야 합니다.
c:\users\juju5\documents\github\parkcom\se_level3\businesscardbinderapiprogramming20170309\businesscardbinderapiprogramming20170309\businesscardbinderform.c(127): error C2198: 'SendMessageA': 호출에 매개 변수가 너무 적습니다.
c:\users\juju5\documents\github\parkcom\se_level3\businesscardbinderapiprogramming20170309\businesscardbinderapiprogramming20170309\businesscardbinderform.c(128): error C2065: 'index': 선언되지 않은 식별자입니다.
c:\users\juju5\documents\github\parkcom\se_level3\businesscardbinderapiprogramming20170309\businesscardbinderapiprogramming20170309\businesscardbinderform.c(128): error C2223: '->company' 왼쪽은 구조체/공용 구조체를 가리켜야 합니다.
c:\users\juju5\documents\github\parkcom\se_level3\businesscardbinderapiprogramming20170309\businesscardbinderapiprogramming20170309\businesscardbinderform.c(128): error C2198: 'SendMessageA': 호출에 매개 변수가 너무 적습니다.
c:\users\juju5\documents\github\parkcom\se_level3\businesscardbinderapiprogramming20170309\businesscardbinderapiprogramming20170309\businesscardbinderform.c(129): error C2065: 'index': 선언되지 않은 식별자입니다.
c:\users\juju5\documents\github\parkcom\se_level3\businesscardbinderapiprogramming20170309\businesscardbinderapiprogramming20170309\businesscardbinderform.c(129): error C2223: '->company' 왼쪽은 구조체/공용 구조체를 가리켜야 합니다.
c:\users\juju5\documents\github\parkcom\se_level3\businesscardbinderapiprogramming20170309\businesscardbinderapiprogramming20170309\businesscardbinderform.c(129): error C2198: 'SendMessageA': 호출에 매개 변수가 너무 적습니다.
c:\users\juju5\documents\github\parkcom\se_level3\businesscardbinderapiprogramming20170309\businesscardbinderapiprogramming20170309\businesscardbinderform.c(130): error C2065: 'index': 선언되지 않은 식별자입니다.
c:\users\juju5\documents\github\parkcom\se_level3\businesscardbinderapiprogramming20170309\businesscardbinderapiprogramming20170309\businesscardbinderform.c(130): error C2223: '->company' 왼쪽은 구조체/공용 구조체를 가리켜야 합니다.
c:\users\juju5\documents\github\parkcom\se_level3\businesscardbinderapiprogramming20170309\businesscardbinderapiprogramming20170309\businesscardbinderform.c(130): error C2198: 'SendMessageA': 호출에 매개 변수가 너무 적습니다.
c:\users\juju5\documents\github\parkcom\se_level3\businesscardbinderapiprogramming20170309\businesscardbinderapiprogramming20170309\businesscardbinderform.c(131): error C2065: 'index': 선언되지 않은 식별자입니다.
c:\users\juju5\documents\github\parkcom\se_level3\businesscardbinderapiprogramming20170309\businesscardbinderapiprogramming20170309\businesscardbinderform.c(131): error C2223: '->company' 왼쪽은 구조체/공용 구조체를 가리켜야 합니다.
c:\users\juju5\documents\github\parkcom\se_level3\businesscardbinderapiprogramming20170309\businesscardbinderapiprogramming20170309\businesscardbinderform.c(131): error C2198: 'SendMessageA': 호출에 매개 변수가 너무 적습니다.
c:\users\juju5\documents\github\parkcom\se_level3\businesscardbinderapiprogramming20170309\businesscardbinderapiprogramming20170309\businesscardbinderform.c(132): error C2065: 'index': 선언되지 않은 식별자입니다.
c:\users\juju5\documents\github\parkcom\se_level3\businesscardbinderapiprogramming20170309\businesscardbinderapiprogramming20170309\businesscardbinderform.c(132): error C2223: '->company' 왼쪽은 구조체/공용 구조체를 가리켜야 합니다.
c:\users\juju5\documents\github\parkcom\se_level3\businesscardbinderapiprogramming20170309\businesscardbinderapiprogramming20170309\businesscardbinderform.c(132): error C2198: 'SendMessageA': 호출에 매개 변수가 너무 적습니다.
c:\users\juju5\documents\github\parkcom\se_level3\businesscardbinderapiprogramming20170309\businesscardbinderapiprogramming20170309\businesscardbinderform.c(139): error C2065: 'BusinessCardBinder': 선언되지 않은 식별자입니다.
c:\users\juju5\documents\github\parkcom\se_level3\businesscardbinderapiprogramming20170309\businesscardbinderapiprogramming20170309\businesscardbinderform.c(139): error C2065: 'businessCardBinder': 선언되지 않은 식별자입니다.
c:\users\juju5\documents\github\parkcom\se_level3\businesscardbinderapiprogramming20170309\businesscardbinderapiprogramming20170309\businesscardbinderform.c(139): warning C4552: '*': 의미 없는 연산자입니다. 파생 작업이 있는 연산자여야 합니다.
c:\users\juju5\documents\github\parkcom\se_level3\businesscardbinderapiprogramming20170309\businesscardbinderapiprogramming20170309\businesscardbinderform.c(140): error C2065: 'BusinessCard': 선언되지 않은 식별자입니다.
c:\users\juju5\documents\github\parkcom\se_level3\businesscardbinderapiprogramming20170309\businesscardbinderapiprogramming20170309\businesscardbinderform.c(140): error C2065: 'index': 선언되지 않은 식별자입니다.
c:\users\juju5\documents\github\parkcom\se_level3\businesscardbinderapiprogramming20170309\businesscardbinderapiprogramming20170309\businesscardbinderform.c(140): warning C4552: '*': 의미 없는 연산자입니다. 파생 작업이 있는 연산자여야 합니다.
c:\users\juju5\documents\github\parkcom\se_level3\businesscardbinderapiprogramming20170309\businesscardbinderapiprogramming20170309\businesscardbinderform.c(142): error C2065: 'businessCardBinder': 선언되지 않은 식별자입니다.
c:\users\juju5\documents\github\parkcom\se_level3\businesscardbinderapiprogramming20170309\businesscardbinderapiprogramming20170309\businesscardbinderform.c(142): error C2065: 'BusinessCardBinder': 선언되지 않은 식별자입니다.
c:\users\juju5\documents\github\parkcom\se_level3\businesscardbinderapiprogramming20170309\businesscardbinderapiprogramming20170309\businesscardbinderform.c(142): error C2059: 구문 오류: ')'
c:\users\juju5\documents\github\parkcom\se_level3\businesscardbinderapiprogramming20170309\businesscardbinderapiprogramming20170309\businesscardbinderform.c(143): error C2065: 'businessCardBinder': 선언되지 않은 식별자입니다.
c:\users\juju5\documents\github\parkcom\se_level3\businesscardbinderapiprogramming20170309\businesscardbinderapiprogramming20170309\businesscardbinderform.c(144): error C2065: 'index': 선언되지 않은 식별자입니다.
c:\users\juju5\documents\github\parkcom\se_level3\businesscardbinderapiprogramming20170309\businesscardbinderapiprogramming20170309\businesscardbinderform.c(144): warning C4013: 'Previous'이(가) 정의되지 않았습니다. extern은 int형을 반환하는 것으로 간주합니다.
c:\users\juju5\documents\github\parkcom\se_level3\businesscardbinderapiprogramming20170309\businesscardbinderapiprogramming20170309\businesscardbinderform.c(144): error C2065: 'businessCardBinder': 선언되지 않은 식별자입니다.
c:\users\juju5\documents\github\parkcom\se_level3\businesscardbinderapiprogramming20170309\businesscardbinderapiprogramming20170309\businesscardbinderform.c(145): error C2065: 'index': 선언되지 않은 식별자입니다.
c:\users\juju5\documents\github\parkcom\se_level3\businesscardbinderapiprogramming20170309\businesscardbinderapiprogramming20170309\businesscardbinderform.c(145): fatal error C1003: 오류 수가 100개를 초과했습니다. 컴파일을 중지합니다.
