c:\users\home\documents\github\parkcom\se_level3\addressbook20170228\addressbook20170228\debug\vc120.pdb
c:\users\home\documents\github\parkcom\se_level3\addressbook20170228\addressbook20170228\debug\vc120.idb
c:\users\home\documents\github\parkcom\se_level3\addressbook20170228\addressbook20170228\debug\addressbook.obj
c:\users\home\documents\github\parkcom\se_level3\addressbook20170228\addressbook20170228\debug\findingform.obj
c:\users\home\documents\github\parkcom\se_level3\addressbook20170228\addressbook20170228\debug\findingzipcodeform.obj
c:\users\home\documents\github\parkcom\se_level3\addressbook20170228\addressbook20170228\debug\postalbook.obj
c:\users\home\documents\github\parkcom\se_level3\addressbook20170228\addressbook20170228\debug\updatingform.obj
c:\users\home\documents\github\parkcom\se_level3\addressbook20170228\debug\addressbook20170228.ilk
c:\users\home\documents\github\parkcom\se_level3\addressbook20170228\debug\addressbook20170228.exe
c:\users\home\documents\github\parkcom\se_level3\addressbook20170228\debug\addressbook20170228.pdb
c:\windows\pcdrm\dump\20170301_nfd01.log
c:\users\home\documents\github\parkcom\se_level3\addressbook20170228\addressbook20170228\debug\addressbook_gui.res
c:\users\home\documents\github\parkcom\se_level3\addressbook20170228\addressbook20170228\debug\addressb.f0a71aa4.tlog\cl.command.1.tlog
c:\users\home\documents\github\parkcom\se_level3\addressbook20170228\addressbook20170228\debug\addressb.f0a71aa4.tlog\cl.read.1.tlog
c:\users\home\documents\github\parkcom\se_level3\addressbook20170228\addressbook20170228\debug\addressb.f0a71aa4.tlog\cl.write.1.tlog
c:\users\home\documents\github\parkcom\se_level3\addressbook20170228\addressbook20170228\debug\addressb.f0a71aa4.tlog\link.command.1.tlog
c:\users\home\documents\github\parkcom\se_level3\addressbook20170228\addressbook20170228\debug\addressb.f0a71aa4.tlog\link.read.1.tlog
c:\users\home\documents\github\parkcom\se_level3\addressbook20170228\addressbook20170228\debug\addressb.f0a71aa4.tlog\link.write.1.tlog
c:\users\home\documents\github\parkcom\se_level3\addressbook20170228\addressbook20170228\debug\addressb.f0a71aa4.tlog\rc.command.1.tlog
c:\users\home\documents\github\parkcom\se_level3\addressbook20170228\addressbook20170228\debug\addressb.f0a71aa4.tlog\rc.read.1.tlog
c:\users\home\documents\github\parkcom\se_level3\addressbook20170228\addressbook20170228\debug\addressb.f0a71aa4.tlog\rc.write.1.tlog
