  TakingOutForm.c
c:\users\juju5\documents\github\parkcom\se_level3\businesscardbinderapilinkedlistlib20170317\businesscardbinderapilinkedlistlib20170317\takingoutform.c(90): error C2039: 'next': '_businessCard'의 멤버가 아닙니다.
  c:\users\juju5\documents\github\parkcom\se_level3\businesscardbinderapilinkedlistlib20170317\businesscardbinderapilinkedlistlib20170317\businesscardbinder.h(21): note: '_businessCard' 선언을 참조하십시오.
  TakingInForm.c
c:\users\juju5\documents\github\parkcom\se_level3\businesscardbinderapilinkedlistlib20170317\businesscardbinderapilinkedlistlib20170317\takinginform.c(78): error C2039: 'next': '_businessCard'의 멤버가 아닙니다.
  c:\users\juju5\documents\github\parkcom\se_level3\businesscardbinderapilinkedlistlib20170317\businesscardbinderapilinkedlistlib20170317\businesscardbinder.h(21): note: '_businessCard' 선언을 참조하십시오.
  LinkedList.c
  BusinessCardBinderForm.c
c:\users\juju5\documents\github\parkcom\se_level3\businesscardbinderapilinkedlistlib20170317\businesscardbinderapilinkedlistlib20170317\businesscardbinderform.c(32): error C2065: 'BusinessCardBinder': 선언되지 않은 식별자입니다.
c:\users\juju5\documents\github\parkcom\se_level3\businesscardbinderapilinkedlistlib20170317\businesscardbinderapilinkedlistlib20170317\businesscardbinderform.c(32): error C2065: 'businessCardBinder': 선언되지 않은 식별자입니다.
c:\users\juju5\documents\github\parkcom\se_level3\businesscardbinderapilinkedlistlib20170317\businesscardbinderapilinkedlistlib20170317\businesscardbinderform.c(32): warning C4552: '*': 의미 없는 연산자입니다. 파생 작업이 있는 연산자여야 합니다.
c:\users\juju5\documents\github\parkcom\se_level3\businesscardbinderapilinkedlistlib20170317\businesscardbinderapilinkedlistlib20170317\businesscardbinderform.c(33): error C2065: 'BusinessCard': 선언되지 않은 식별자입니다.
c:\users\juju5\documents\github\parkcom\se_level3\businesscardbinderapilinkedlistlib20170317\businesscardbinderapilinkedlistlib20170317\businesscardbinderform.c(33): error C2065: 'index': 선언되지 않은 식별자입니다.
c:\users\juju5\documents\github\parkcom\se_level3\businesscardbinderapilinkedlistlib20170317\businesscardbinderapilinkedlistlib20170317\businesscardbinderform.c(33): warning C4552: '*': 의미 없는 연산자입니다. 파생 작업이 있는 연산자여야 합니다.
c:\users\juju5\documents\github\parkcom\se_level3\businesscardbinderapilinkedlistlib20170317\businesscardbinderapilinkedlistlib20170317\businesscardbinderform.c(34): error C2065: 'businessCardBinder': 선언되지 않은 식별자입니다.
c:\users\juju5\documents\github\parkcom\se_level3\businesscardbinderapilinkedlistlib20170317\businesscardbinderapilinkedlistlib20170317\businesscardbinderform.c(34): error C2065: 'BusinessCardBinder': 선언되지 않은 식별자입니다.
c:\users\juju5\documents\github\parkcom\se_level3\businesscardbinderapilinkedlistlib20170317\businesscardbinderapilinkedlistlib20170317\businesscardbinderform.c(34): error C2059: 구문 오류: ')'
c:\users\juju5\documents\github\parkcom\se_level3\businesscardbinderapilinkedlistlib20170317\businesscardbinderapilinkedlistlib20170317\businesscardbinderform.c(35): warning C4013: 'Create'이(가) 정의되지 않았습니다. extern은 int형을 반환하는 것으로 간주합니다.
c:\users\juju5\documents\github\parkcom\se_level3\businesscardbinderapilinkedlistlib20170317\businesscardbinderapilinkedlistlib20170317\businesscardbinderform.c(35): error C2065: 'businessCardBinder': 선언되지 않은 식별자입니다.
c:\users\juju5\documents\github\parkcom\se_level3\businesscardbinderapilinkedlistlib20170317\businesscardbinderapilinkedlistlib20170317\businesscardbinderform.c(37): warning C4013: 'Load'이(가) 정의되지 않았습니다. extern은 int형을 반환하는 것으로 간주합니다.
c:\users\juju5\documents\github\parkcom\se_level3\businesscardbinderapilinkedlistlib20170317\businesscardbinderapilinkedlistlib20170317\businesscardbinderform.c(37): error C2065: 'businessCardBinder': 선언되지 않은 식별자입니다.
c:\users\juju5\documents\github\parkcom\se_level3\businesscardbinderapilinkedlistlib20170317\businesscardbinderapilinkedlistlib20170317\businesscardbinderform.c(38): error C2065: 'businessCardBinder': 선언되지 않은 식별자입니다.
c:\users\juju5\documents\github\parkcom\se_level3\businesscardbinderapilinkedlistlib20170317\businesscardbinderapilinkedlistlib20170317\businesscardbinderform.c(39): error C2065: 'index': 선언되지 않은 식별자입니다.
c:\users\juju5\documents\github\parkcom\se_level3\businesscardbinderapilinkedlistlib20170317\businesscardbinderapilinkedlistlib20170317\businesscardbinderform.c(39): warning C4013: 'First'이(가) 정의되지 않았습니다. extern은 int형을 반환하는 것으로 간주합니다.
c:\users\juju5\documents\github\parkcom\se_level3\businesscardbinderapilinkedlistlib20170317\businesscardbinderapilinkedlistlib20170317\businesscardbinderform.c(39): error C2065: 'businessCardBinder': 선언되지 않은 식별자입니다.
c:\users\juju5\documents\github\parkcom\se_level3\businesscardbinderapilinkedlistlib20170317\businesscardbinderapilinkedlistlib20170317\businesscardbinderform.c(40): error C2065: 'index': 선언되지 않은 식별자입니다.
c:\users\juju5\documents\github\parkcom\se_level3\businesscardbinderapilinkedlistlib20170317\businesscardbinderapilinkedlistlib20170317\businesscardbinderform.c(40): warning C4047: '!=': 'int'의 간접 참조 수준이 'void *'과(와) 다릅니다.
c:\users\juju5\documents\github\parkcom\se_level3\businesscardbinderapilinkedlistlib20170317\businesscardbinderapilinkedlistlib20170317\businesscardbinderform.c(41): error C2065: 'index': 선언되지 않은 식별자입니다.
c:\users\juju5\documents\github\parkcom\se_level3\businesscardbinderapilinkedlistlib20170317\businesscardbinderapilinkedlistlib20170317\businesscardbinderform.c(41): error C2223: '->personal' 왼쪽은 구조체/공용 구조체를 가리켜야 합니다.
c:\users\juju5\documents\github\parkcom\se_level3\businesscardbinderapilinkedlistlib20170317\businesscardbinderapilinkedlistlib20170317\businesscardbinderform.c(41): error C2198: 'SendMessageA': 호출에 매개 변수가 너무 적습니다.
c:\users\juju5\documents\github\parkcom\se_level3\businesscardbinderapilinkedlistlib20170317\businesscardbinderapilinkedlistlib20170317\businesscardbinderform.c(42): error C2065: 'index': 선언되지 않은 식별자입니다.
c:\users\juju5\documents\github\parkcom\se_level3\businesscardbinderapilinkedlistlib20170317\businesscardbinderapilinkedlistlib20170317\businesscardbinderform.c(42): error C2223: '->personal' 왼쪽은 구조체/공용 구조체를 가리켜야 합니다.
c:\users\juju5\documents\github\parkcom\se_level3\businesscardbinderapilinkedlistlib20170317\businesscardbinderapilinkedlistlib20170317\businesscardbinderform.c(42): error C2198: 'SendMessageA': 호출에 매개 변수가 너무 적습니다.
c:\users\juju5\documents\github\parkcom\se_level3\businesscardbinderapilinkedlistlib20170317\businesscardbinderapilinkedlistlib20170317\businesscardbinderform.c(43): error C2065: 'index': 선언되지 않은 식별자입니다.
c:\users\juju5\documents\github\parkcom\se_level3\businesscardbinderapilinkedlistlib20170317\businesscardbinderapilinkedlistlib20170317\businesscardbinderform.c(43): error C2223: '->personal' 왼쪽은 구조체/공용 구조체를 가리켜야 합니다.
c:\users\juju5\documents\github\parkcom\se_level3\businesscardbinderapilinkedlistlib20170317\businesscardbinderapilinkedlistlib20170317\businesscardbinderform.c(43): error C2198: 'SendMessageA': 호출에 매개 변수가 너무 적습니다.
c:\users\juju5\documents\github\parkcom\se_level3\businesscardbinderapilinkedlistlib20170317\businesscardbinderapilinkedlistlib20170317\businesscardbinderform.c(44): error C2065: 'index': 선언되지 않은 식별자입니다.
c:\users\juju5\documents\github\parkcom\se_level3\businesscardbinderapilinkedlistlib20170317\businesscardbinderapilinkedlistlib20170317\businesscardbinderform.c(44): error C2223: '->personal' 왼쪽은 구조체/공용 구조체를 가리켜야 합니다.
c:\users\juju5\documents\github\parkcom\se_level3\businesscardbinderapilinkedlistlib20170317\businesscardbinderapilinkedlistlib20170317\businesscardbinderform.c(44): error C2198: 'SendMessageA': 호출에 매개 변수가 너무 적습니다.
c:\users\juju5\documents\github\parkcom\se_level3\businesscardbinderapilinkedlistlib20170317\businesscardbinderapilinkedlistlib20170317\businesscardbinderform.c(45): error C2065: 'index': 선언되지 않은 식별자입니다.
c:\users\juju5\documents\github\parkcom\se_level3\businesscardbinderapilinkedlistlib20170317\businesscardbinderapilinkedlistlib20170317\businesscardbinderform.c(45): error C2223: '->company' 왼쪽은 구조체/공용 구조체를 가리켜야 합니다.
c:\users\juju5\documents\github\parkcom\se_level3\businesscardbinderapilinkedlistlib20170317\businesscardbinderapilinkedlistlib20170317\businesscardbinderform.c(45): error C2198: 'SendMessageA': 호출에 매개 변수가 너무 적습니다.
c:\users\juju5\documents\github\parkcom\se_level3\businesscardbinderapilinkedlistlib20170317\businesscardbinderapilinkedlistlib20170317\businesscardbinderform.c(46): error C2065: 'index': 선언되지 않은 식별자입니다.
c:\users\juju5\documents\github\parkcom\se_level3\businesscardbinderapilinkedlistlib20170317\businesscardbinderapilinkedlistlib20170317\businesscardbinderform.c(46): error C2223: '->company' 왼쪽은 구조체/공용 구조체를 가리켜야 합니다.
c:\users\juju5\documents\github\parkcom\se_level3\businesscardbinderapilinkedlistlib20170317\businesscardbinderapilinkedlistlib20170317\businesscardbinderform.c(46): error C2198: 'SendMessageA': 호출에 매개 변수가 너무 적습니다.
c:\users\juju5\documents\github\parkcom\se_level3\businesscardbinderapilinkedlistlib20170317\businesscardbinderapilinkedlistlib20170317\businesscardbinderform.c(47): error C2065: 'index': 선언되지 않은 식별자입니다.
c:\users\juju5\documents\github\parkcom\se_level3\businesscardbinderapilinkedlistlib20170317\businesscardbinderapilinkedlistlib20170317\businesscardbinderform.c(47): error C2223: '->company' 왼쪽은 구조체/공용 구조체를 가리켜야 합니다.
c:\users\juju5\documents\github\parkcom\se_level3\businesscardbinderapilinkedlistlib20170317\businesscardbinderapilinkedlistlib20170317\businesscardbinderform.c(47): error C2198: 'SendMessageA': 호출에 매개 변수가 너무 적습니다.
c:\users\juju5\documents\github\parkcom\se_level3\businesscardbinderapilinkedlistlib20170317\businesscardbinderapilinkedlistlib20170317\businesscardbinderform.c(48): error C2065: 'index': 선언되지 않은 식별자입니다.
c:\users\juju5\documents\github\parkcom\se_level3\businesscardbinderapilinkedlistlib20170317\businesscardbinderapilinkedlistlib20170317\businesscardbinderform.c(48): error C2223: '->company' 왼쪽은 구조체/공용 구조체를 가리켜야 합니다.
c:\users\juju5\documents\github\parkcom\se_level3\businesscardbinderapilinkedlistlib20170317\businesscardbinderapilinkedlistlib20170317\businesscardbinderform.c(48): error C2198: 'SendMessageA': 호출에 매개 변수가 너무 적습니다.
c:\users\juju5\documents\github\parkcom\se_level3\businesscardbinderapilinkedlistlib20170317\businesscardbinderapilinkedlistlib20170317\businesscardbinderform.c(49): error C2065: 'index': 선언되지 않은 식별자입니다.
c:\users\juju5\documents\github\parkcom\se_level3\businesscardbinderapilinkedlistlib20170317\businesscardbinderapilinkedlistlib20170317\businesscardbinderform.c(49): error C2223: '->company' 왼쪽은 구조체/공용 구조체를 가리켜야 합니다.
c:\users\juju5\documents\github\parkcom\se_level3\businesscardbinderapilinkedlistlib20170317\businesscardbinderapilinkedlistlib20170317\businesscardbinderform.c(49): error C2198: 'SendMessageA': 호출에 매개 변수가 너무 적습니다.
c:\users\juju5\documents\github\parkcom\se_level3\businesscardbinderapilinkedlistlib20170317\businesscardbinderapilinkedlistlib20170317\businesscardbinderform.c(79): error C2065: 'BusinessCardBinder': 선언되지 않은 식별자입니다.
c:\users\juju5\documents\github\parkcom\se_level3\businesscardbinderapilinkedlistlib20170317\businesscardbinderapilinkedlistlib20170317\businesscardbinderform.c(79): error C2065: 'businessCardBinder': 선언되지 않은 식별자입니다.
c:\users\juju5\documents\github\parkcom\se_level3\businesscardbinderapilinkedlistlib20170317\businesscardbinderapilinkedlistlib20170317\businesscardbinderform.c(79): warning C4552: '*': 의미 없는 연산자입니다. 파생 작업이 있는 연산자여야 합니다.
c:\users\juju5\documents\github\parkcom\se_level3\businesscardbinderapilinkedlistlib20170317\businesscardbinderapilinkedlistlib20170317\businesscardbinderform.c(80): error C2065: 'businessCardBinder': 선언되지 않은 식별자입니다.
c:\users\juju5\documents\github\parkcom\se_level3\businesscardbinderapilinkedlistlib20170317\businesscardbinderapilinkedlistlib20170317\businesscardbinderform.c(80): error C2065: 'BusinessCardBinder': 선언되지 않은 식별자입니다.
c:\users\juju5\documents\github\parkcom\se_level3\businesscardbinderapilinkedlistlib20170317\businesscardbinderapilinkedlistlib20170317\businesscardbinderform.c(80): error C2059: 구문 오류: ')'
c:\users\juju5\documents\github\parkcom\se_level3\businesscardbinderapilinkedlistlib20170317\businesscardbinderapilinkedlistlib20170317\businesscardbinderform.c(81): error C2065: 'businessCardBinder': 선언되지 않은 식별자입니다.
c:\users\juju5\documents\github\parkcom\se_level3\businesscardbinderapilinkedlistlib20170317\businesscardbinderapilinkedlistlib20170317\businesscardbinderform.c(81): warning C4047: '!=': 'int'의 간접 참조 수준이 'void *'과(와) 다릅니다.
c:\users\juju5\documents\github\parkcom\se_level3\businesscardbinderapilinkedlistlib20170317\businesscardbinderapilinkedlistlib20170317\businesscardbinderform.c(83): warning C4013: 'Save'이(가) 정의되지 않았습니다. extern은 int형을 반환하는 것으로 간주합니다.
c:\users\juju5\documents\github\parkcom\se_level3\businesscardbinderapilinkedlistlib20170317\businesscardbinderapilinkedlistlib20170317\businesscardbinderform.c(83): error C2065: 'businessCardBinder': 선언되지 않은 식별자입니다.
c:\users\juju5\documents\github\parkcom\se_level3\businesscardbinderapilinkedlistlib20170317\businesscardbinderapilinkedlistlib20170317\businesscardbinderform.c(84): warning C4013: 'Destroy'이(가) 정의되지 않았습니다. extern은 int형을 반환하는 것으로 간주합니다.
c:\users\juju5\documents\github\parkcom\se_level3\businesscardbinderapilinkedlistlib20170317\businesscardbinderapilinkedlistlib20170317\businesscardbinderform.c(84): error C2065: 'businessCardBinder': 선언되지 않은 식별자입니다.
c:\users\juju5\documents\github\parkcom\se_level3\businesscardbinderapilinkedlistlib20170317\businesscardbinderapilinkedlistlib20170317\businesscardbinderform.c(85): error C2065: 'businessCardBinder': 선언되지 않은 식별자입니다.
c:\users\juju5\documents\github\parkcom\se_level3\businesscardbinderapilinkedlistlib20170317\businesscardbinderapilinkedlistlib20170317\businesscardbinderform.c(85): warning C4022: 'free': 실제 매개 변수 1의 포인터가 일치하지 않습니다.
c:\users\juju5\documents\github\parkcom\se_level3\businesscardbinderapilinkedlistlib20170317\businesscardbinderapilinkedlistlib20170317\businesscardbinderform.c(113): error C2065: 'BusinessCardBinder': 선언되지 않은 식별자입니다.
c:\users\juju5\documents\github\parkcom\se_level3\businesscardbinderapilinkedlistlib20170317\businesscardbinderapilinkedlistlib20170317\businesscardbinderform.c(113): error C2065: 'businessCardBinder': 선언되지 않은 식별자입니다.
c:\users\juju5\documents\github\parkcom\se_level3\businesscardbinderapilinkedlistlib20170317\businesscardbinderapilinkedlistlib20170317\businesscardbinderform.c(113): warning C4552: '*': 의미 없는 연산자입니다. 파생 작업이 있는 연산자여야 합니다.
c:\users\juju5\documents\github\parkcom\se_level3\businesscardbinderapilinkedlistlib20170317\businesscardbinderapilinkedlistlib20170317\businesscardbinderform.c(114): error C2065: 'BusinessCard': 선언되지 않은 식별자입니다.
c:\users\juju5\documents\github\parkcom\se_level3\businesscardbinderapilinkedlistlib20170317\businesscardbinderapilinkedlistlib20170317\businesscardbinderform.c(114): error C2065: 'index': 선언되지 않은 식별자입니다.
c:\users\juju5\documents\github\parkcom\se_level3\businesscardbinderapilinkedlistlib20170317\businesscardbinderapilinkedlistlib20170317\businesscardbinderform.c(114): warning C4552: '*': 의미 없는 연산자입니다. 파생 작업이 있는 연산자여야 합니다.
c:\users\juju5\documents\github\parkcom\se_level3\businesscardbinderapilinkedlistlib20170317\businesscardbinderapilinkedlistlib20170317\businesscardbinderform.c(116): error C2065: 'businessCardBinder': 선언되지 않은 식별자입니다.
c:\users\juju5\documents\github\parkcom\se_level3\businesscardbinderapilinkedlistlib20170317\businesscardbinderapilinkedlistlib20170317\businesscardbinderform.c(116): error C2065: 'BusinessCardBinder': 선언되지 않은 식별자입니다.
c:\users\juju5\documents\github\parkcom\se_level3\businesscardbinderapilinkedlistlib20170317\businesscardbinderapilinkedlistlib20170317\businesscardbinderform.c(116): error C2059: 구문 오류: ')'
c:\users\juju5\documents\github\parkcom\se_level3\businesscardbinderapilinkedlistlib20170317\businesscardbinderapilinkedlistlib20170317\businesscardbinderform.c(117): warning C4013: 'Arrange'이(가) 정의되지 않았습니다. extern은 int형을 반환하는 것으로 간주합니다.
c:\users\juju5\documents\github\parkcom\se_level3\businesscardbinderapilinkedlistlib20170317\businesscardbinderapilinkedlistlib20170317\businesscardbinderform.c(117): error C2065: 'businessCardBinder': 선언되지 않은 식별자입니다.
c:\users\juju5\documents\github\parkcom\se_level3\businesscardbinderapilinkedlistlib20170317\businesscardbinderapilinkedlistlib20170317\businesscardbinderform.c(118): error C2065: 'index': 선언되지 않은 식별자입니다.
c:\users\juju5\documents\github\parkcom\se_level3\businesscardbinderapilinkedlistlib20170317\businesscardbinderapilinkedlistlib20170317\businesscardbinderform.c(118): error C2065: 'businessCardBinder': 선언되지 않은 식별자입니다.
c:\users\juju5\documents\github\parkcom\se_level3\businesscardbinderapilinkedlistlib20170317\businesscardbinderapilinkedlistlib20170317\businesscardbinderform.c(119): error C2065: 'index': 선언되지 않은 식별자입니다.
c:\users\juju5\documents\github\parkcom\se_level3\businesscardbinderapilinkedlistlib20170317\businesscardbinderapilinkedlistlib20170317\businesscardbinderform.c(119): warning C4047: '!=': 'int'의 간접 참조 수준이 'void *'과(와) 다릅니다.
c:\users\juju5\documents\github\parkcom\se_level3\businesscardbinderapilinkedlistlib20170317\businesscardbinderapilinkedlistlib20170317\businesscardbinderform.c(120): error C2065: 'index': 선언되지 않은 식별자입니다.
c:\users\juju5\documents\github\parkcom\se_level3\businesscardbinderapilinkedlistlib20170317\businesscardbinderapilinkedlistlib20170317\businesscardbinderform.c(120): error C2223: '->personal' 왼쪽은 구조체/공용 구조체를 가리켜야 합니다.
c:\users\juju5\documents\github\parkcom\se_level3\businesscardbinderapilinkedlistlib20170317\businesscardbinderapilinkedlistlib20170317\businesscardbinderform.c(120): error C2198: 'SendMessageA': 호출에 매개 변수가 너무 적습니다.
c:\users\juju5\documents\github\parkcom\se_level3\businesscardbinderapilinkedlistlib20170317\businesscardbinderapilinkedlistlib20170317\businesscardbinderform.c(121): error C2065: 'index': 선언되지 않은 식별자입니다.
c:\users\juju5\documents\github\parkcom\se_level3\businesscardbinderapilinkedlistlib20170317\businesscardbinderapilinkedlistlib20170317\businesscardbinderform.c(121): error C2223: '->personal' 왼쪽은 구조체/공용 구조체를 가리켜야 합니다.
c:\users\juju5\documents\github\parkcom\se_level3\businesscardbinderapilinkedlistlib20170317\businesscardbinderapilinkedlistlib20170317\businesscardbinderform.c(121): error C2198: 'SendMessageA': 호출에 매개 변수가 너무 적습니다.
c:\users\juju5\documents\github\parkcom\se_level3\businesscardbinderapilinkedlistlib20170317\businesscardbinderapilinkedlistlib20170317\businesscardbinderform.c(122): error C2065: 'index': 선언되지 않은 식별자입니다.
c:\users\juju5\documents\github\parkcom\se_level3\businesscardbinderapilinkedlistlib20170317\businesscardbinderapilinkedlistlib20170317\businesscardbinderform.c(122): error C2223: '->personal' 왼쪽은 구조체/공용 구조체를 가리켜야 합니다.
c:\users\juju5\documents\github\parkcom\se_level3\businesscardbinderapilinkedlistlib20170317\businesscardbinderapilinkedlistlib20170317\businesscardbinderform.c(122): error C2198: 'SendMessageA': 호출에 매개 변수가 너무 적습니다.
c:\users\juju5\documents\github\parkcom\se_level3\businesscardbinderapilinkedlistlib20170317\businesscardbinderapilinkedlistlib20170317\businesscardbinderform.c(123): error C2065: 'index': 선언되지 않은 식별자입니다.
c:\users\juju5\documents\github\parkcom\se_level3\businesscardbinderapilinkedlistlib20170317\businesscardbinderapilinkedlistlib20170317\businesscardbinderform.c(123): error C2223: '->personal' 왼쪽은 구조체/공용 구조체를 가리켜야 합니다.
c:\users\juju5\documents\github\parkcom\se_level3\businesscardbinderapilinkedlistlib20170317\businesscardbinderapilinkedlistlib20170317\businesscardbinderform.c(123): error C2198: 'SendMessageA': 호출에 매개 변수가 너무 적습니다.
c:\users\juju5\documents\github\parkcom\se_level3\businesscardbinderapilinkedlistlib20170317\businesscardbinderapilinkedlistlib20170317\businesscardbinderform.c(124): error C2065: 'index': 선언되지 않은 식별자입니다.
c:\users\juju5\documents\github\parkcom\se_level3\businesscardbinderapilinkedlistlib20170317\businesscardbinderapilinkedlistlib20170317\businesscardbinderform.c(124): error C2223: '->company' 왼쪽은 구조체/공용 구조체를 가리켜야 합니다.
c:\users\juju5\documents\github\parkcom\se_level3\businesscardbinderapilinkedlistlib20170317\businesscardbinderapilinkedlistlib20170317\businesscardbinderform.c(124): error C2198: 'SendMessageA': 호출에 매개 변수가 너무 적습니다.
c:\users\juju5\documents\github\parkcom\se_level3\businesscardbinderapilinkedlistlib20170317\businesscardbinderapilinkedlistlib20170317\businesscardbinderform.c(125): error C2065: 'index': 선언되지 않은 식별자입니다.
c:\users\juju5\documents\github\parkcom\se_level3\businesscardbinderapilinkedlistlib20170317\businesscardbinderapilinkedlistlib20170317\businesscardbinderform.c(125): error C2223: '->company' 왼쪽은 구조체/공용 구조체를 가리켜야 합니다.
c:\users\juju5\documents\github\parkcom\se_level3\businesscardbinderapilinkedlistlib20170317\businesscardbinderapilinkedlistlib20170317\businesscardbinderform.c(125): error C2198: 'SendMessageA': 호출에 매개 변수가 너무 적습니다.
c:\users\juju5\documents\github\parkcom\se_level3\businesscardbinderapilinkedlistlib20170317\businesscardbinderapilinkedlistlib20170317\businesscardbinderform.c(126): error C2065: 'index': 선언되지 않은 식별자입니다.
c:\users\juju5\documents\github\parkcom\se_level3\businesscardbinderapilinkedlistlib20170317\businesscardbinderapilinkedlistlib20170317\businesscardbinderform.c(126): error C2223: '->company' 왼쪽은 구조체/공용 구조체를 가리켜야 합니다.
c:\users\juju5\documents\github\parkcom\se_level3\businesscardbinderapilinkedlistlib20170317\businesscardbinderapilinkedlistlib20170317\businesscardbinderform.c(126): error C2198: 'SendMessageA': 호출에 매개 변수가 너무 적습니다.
c:\users\juju5\documents\github\parkcom\se_level3\businesscardbinderapilinkedlistlib20170317\businesscardbinderapilinkedlistlib20170317\businesscardbinderform.c(127): error C2065: 'index': 선언되지 않은 식별자입니다.
c:\users\juju5\documents\github\parkcom\se_level3\businesscardbinderapilinkedlistlib20170317\businesscardbinderapilinkedlistlib20170317\businesscardbinderform.c(127): error C2223: '->company' 왼쪽은 구조체/공용 구조체를 가리켜야 합니다.
c:\users\juju5\documents\github\parkcom\se_level3\businesscardbinderapilinkedlistlib20170317\businesscardbinderapilinkedlistlib20170317\businesscardbinderform.c(127): error C2198: 'SendMessageA': 호출에 매개 변수가 너무 적습니다.
c:\users\juju5\documents\github\parkcom\se_level3\businesscardbinderapilinkedlistlib20170317\businesscardbinderapilinkedlistlib20170317\businesscardbinderform.c(128): error C2065: 'index': 선언되지 않은 식별자입니다.
c:\users\juju5\documents\github\parkcom\se_level3\businesscardbinderapilinkedlistlib20170317\businesscardbinderapilinkedlistlib20170317\businesscardbinderform.c(128): error C2223: '->company' 왼쪽은 구조체/공용 구조체를 가리켜야 합니다.
c:\users\juju5\documents\github\parkcom\se_level3\businesscardbinderapilinkedlistlib20170317\businesscardbinderapilinkedlistlib20170317\businesscardbinderform.c(128): error C2198: 'SendMessageA': 호출에 매개 변수가 너무 적습니다.
c:\users\juju5\documents\github\parkcom\se_level3\businesscardbinderapilinkedlistlib20170317\businesscardbinderapilinkedlistlib20170317\businesscardbinderform.c(135): error C2065: 'BusinessCardBinder': 선언되지 않은 식별자입니다.
c:\users\juju5\documents\github\parkcom\se_level3\businesscardbinderapilinkedlistlib20170317\businesscardbinderapilinkedlistlib20170317\businesscardbinderform.c(135): error C2065: 'businessCardBinder': 선언되지 않은 식별자입니다.
c:\users\juju5\documents\github\parkcom\se_level3\businesscardbinderapilinkedlistlib20170317\businesscardbinderapilinkedlistlib20170317\businesscardbinderform.c(135): warning C4552: '*': 의미 없는 연산자입니다. 파생 작업이 있는 연산자여야 합니다.
c:\users\juju5\documents\github\parkcom\se_level3\businesscardbinderapilinkedlistlib20170317\businesscardbinderapilinkedlistlib20170317\businesscardbinderform.c(136): error C2065: 'BusinessCard': 선언되지 않은 식별자입니다.
c:\users\juju5\documents\github\parkcom\se_level3\businesscardbinderapilinkedlistlib20170317\businesscardbinderapilinkedlistlib20170317\businesscardbinderform.c(136): error C2065: 'index': 선언되지 않은 식별자입니다.
c:\users\juju5\documents\github\parkcom\se_level3\businesscardbinderapilinkedlistlib20170317\businesscardbinderapilinkedlistlib20170317\businesscardbinderform.c(136): warning C4552: '*': 의미 없는 연산자입니다. 파생 작업이 있는 연산자여야 합니다.
c:\users\juju5\documents\github\parkcom\se_level3\businesscardbinderapilinkedlistlib20170317\businesscardbinderapilinkedlistlib20170317\businesscardbinderform.c(138): error C2065: 'businessCardBinder': 선언되지 않은 식별자입니다.
c:\users\juju5\documents\github\parkcom\se_level3\businesscardbinderapilinkedlistlib20170317\businesscardbinderapilinkedlistlib20170317\businesscardbinderform.c(138): error C2065: 'BusinessCardBinder': 선언되지 않은 식별자입니다.
c:\users\juju5\documents\github\parkcom\se_level3\businesscardbinderapilinkedlistlib20170317\businesscardbinderapilinkedlistlib20170317\businesscardbinderform.c(138): error C2059: 구문 오류: ')'
c:\users\juju5\documents\github\parkcom\se_level3\businesscardbinderapilinkedlistlib20170317\businesscardbinderapilinkedlistlib20170317\businesscardbinderform.c(139): error C2065: 'index': 선언되지 않은 식별자입니다.
c:\users\juju5\documents\github\parkcom\se_level3\businesscardbinderapilinkedlistlib20170317\businesscardbinderapilinkedlistlib20170317\businesscardbinderform.c(139): error C2065: 'businessCardBinder': 선언되지 않은 식별자입니다.
c:\users\juju5\documents\github\parkcom\se_level3\businesscardbinderapilinkedlistlib20170317\businesscardbinderapilinkedlistlib20170317\businesscardbinderform.c(140): error C2065: 'index': 선언되지 않은 식별자입니다.
c:\users\juju5\documents\github\parkcom\se_level3\businesscardbinderapilinkedlistlib20170317\businesscardbinderapilinkedlistlib20170317\businesscardbinderform.c(140): warning C4047: '!=': 'int'의 간접 참조 수준이 'void *'과(와) 다릅니다.
c:\users\juju5\documents\github\parkcom\se_level3\businesscardbinderapilinkedlistlib20170317\businesscardbinderapilinkedlistlib20170317\businesscardbinderform.c(141): error C2065: 'index': 선언되지 않은 식별자입니다.
c:\users\juju5\documents\github\parkcom\se_level3\businesscardbinderapilinkedlistlib20170317\businesscardbinderapilinkedlistlib20170317\businesscardbinderform.c(141): error C2223: '->personal' 왼쪽은 구조체/공용 구조체를 가리켜야 합니다.
c:\users\juju5\documents\github\parkcom\se_level3\businesscardbinderapilinkedlistlib20170317\businesscardbinderapilinkedlistlib20170317\businesscardbinderform.c(141): error C2198: 'SendMessageA': 호출에 매개 변수가 너무 적습니다.
c:\users\juju5\documents\github\parkcom\se_level3\businesscardbinderapilinkedlistlib20170317\businesscardbinderapilinkedlistlib20170317\businesscardbinderform.c(142): error C2065: 'index': 선언되지 않은 식별자입니다.
c:\users\juju5\documents\github\parkcom\se_level3\businesscardbinderapilinkedlistlib20170317\businesscardbinderapilinkedlistlib20170317\businesscardbinderform.c(142): fatal error C1003: 오류 수가 100개를 초과했습니다. 컴파일을 중지합니다.
  BusinessCardBinderFindingForm.c
c:\users\juju5\documents\github\parkcom\se_level3\businesscardbinderapilinkedlistlib20170317\businesscardbinderapilinkedlistlib20170317\businesscardbinderfindingform.c(60): error C2065: 'Long': 선언되지 않은 식별자입니다.
c:\users\juju5\documents\github\parkcom\se_level3\businesscardbinderapilinkedlistlib20170317\businesscardbinderapilinkedlistlib20170317\businesscardbinderfindingform.c(60): error C2146: 구문 오류: ';'이(가) 'count' 식별자 앞에 없습니다.
c:\users\juju5\documents\github\parkcom\se_level3\businesscardbinderapilinkedlistlib20170317\businesscardbinderapilinkedlistlib20170317\businesscardbinderfindingform.c(60): error C2065: 'count': 선언되지 않은 식별자입니다.
c:\users\juju5\documents\github\parkcom\se_level3\businesscardbinderapilinkedlistlib20170317\businesscardbinderapilinkedlistlib20170317\businesscardbinderfindingform.c(74): error C2065: 'count': 선언되지 않은 식별자입니다.
c:\users\juju5\documents\github\parkcom\se_level3\businesscardbinderapilinkedlistlib20170317\businesscardbinderapilinkedlistlib20170317\businesscardbinderfindingform.c(76): error C2065: 'count': 선언되지 않은 식별자입니다.
c:\users\juju5\documents\github\parkcom\se_level3\businesscardbinderapilinkedlistlib20170317\businesscardbinderapilinkedlistlib20170317\businesscardbinderfindingform.c(77): error C2065: 'count': 선언되지 않은 식별자입니다.
c:\users\juju5\documents\github\parkcom\se_level3\businesscardbinderapilinkedlistlib20170317\businesscardbinderapilinkedlistlib20170317\businesscardbinderfindingform.c(110): error C2065: 'Long': 선언되지 않은 식별자입니다.
c:\users\juju5\documents\github\parkcom\se_level3\businesscardbinderapilinkedlistlib20170317\businesscardbinderapilinkedlistlib20170317\businesscardbinderfindingform.c(110): error C2146: 구문 오류: ';'이(가) 'current' 식별자 앞에 없습니다.
c:\users\juju5\documents\github\parkcom\se_level3\businesscardbinderapilinkedlistlib20170317\businesscardbinderapilinkedlistlib20170317\businesscardbinderfindingform.c(110): error C2065: 'current': 선언되지 않은 식별자입니다.
c:\users\juju5\documents\github\parkcom\se_level3\businesscardbinderapilinkedlistlib20170317\businesscardbinderapilinkedlistlib20170317\businesscardbinderfindingform.c(123): error C2065: 'current': 선언되지 않은 식별자입니다.
c:\users\juju5\documents\github\parkcom\se_level3\businesscardbinderapilinkedlistlib20170317\businesscardbinderapilinkedlistlib20170317\businesscardbinderfindingform.c(123): error C2065: 'Long': 선언되지 않은 식별자입니다.
c:\users\juju5\documents\github\parkcom\se_level3\businesscardbinderapilinkedlistlib20170317\businesscardbinderapilinkedlistlib20170317\businesscardbinderfindingform.c(123): error C2146: 구문 오류: ';'이(가) 'GetPropA' 식별자 앞에 없습니다.
c:\users\juju5\documents\github\parkcom\se_level3\businesscardbinderapilinkedlistlib20170317\businesscardbinderapilinkedlistlib20170317\businesscardbinderfindingform.c(126): error C2065: 'current': 선언되지 않은 식별자입니다.
c:\users\juju5\documents\github\parkcom\se_level3\businesscardbinderapilinkedlistlib20170317\businesscardbinderapilinkedlistlib20170317\businesscardbinderfindingform.c(153): error C2065: 'Long': 선언되지 않은 식별자입니다.
c:\users\juju5\documents\github\parkcom\se_level3\businesscardbinderapilinkedlistlib20170317\businesscardbinderapilinkedlistlib20170317\businesscardbinderfindingform.c(153): error C2146: 구문 오류: ';'이(가) 'count' 식별자 앞에 없습니다.
c:\users\juju5\documents\github\parkcom\se_level3\businesscardbinderapilinkedlistlib20170317\businesscardbinderapilinkedlistlib20170317\businesscardbinderfindingform.c(153): error C2065: 'count': 선언되지 않은 식별자입니다.
c:\users\juju5\documents\github\parkcom\se_level3\businesscardbinderapilinkedlistlib20170317\businesscardbinderapilinkedlistlib20170317\businesscardbinderfindingform.c(154): error C2065: 'Long': 선언되지 않은 식별자입니다.
c:\users\juju5\documents\github\parkcom\se_level3\businesscardbinderapilinkedlistlib20170317\businesscardbinderapilinkedlistlib20170317\businesscardbinderfindingform.c(154): error C2146: 구문 오류: ';'이(가) 'current' 식별자 앞에 없습니다.
c:\users\juju5\documents\github\parkcom\se_level3\businesscardbinderapilinkedlistlib20170317\businesscardbinderapilinkedlistlib20170317\businesscardbinderfindingform.c(154): error C2065: 'current': 선언되지 않은 식별자입니다.
c:\users\juju5\documents\github\parkcom\se_level3\businesscardbinderapilinkedlistlib20170317\businesscardbinderapilinkedlistlib20170317\businesscardbinderfindingform.c(158): error C2065: 'count': 선언되지 않은 식별자입니다.
c:\users\juju5\documents\github\parkcom\se_level3\businesscardbinderapilinkedlistlib20170317\businesscardbinderapilinkedlistlib20170317\businesscardbinderfindingform.c(158): error C2065: 'Long': 선언되지 않은 식별자입니다.
c:\users\juju5\documents\github\parkcom\se_level3\businesscardbinderapilinkedlistlib20170317\businesscardbinderapilinkedlistlib20170317\businesscardbinderfindingform.c(158): error C2146: 구문 오류: ';'이(가) 'GetPropA' 식별자 앞에 없습니다.
c:\users\juju5\documents\github\parkcom\se_level3\businesscardbinderapilinkedlistlib20170317\businesscardbinderapilinkedlistlib20170317\businesscardbinderfindingform.c(159): error C2065: 'count': 선언되지 않은 식별자입니다.
c:\users\juju5\documents\github\parkcom\se_level3\businesscardbinderapilinkedlistlib20170317\businesscardbinderapilinkedlistlib20170317\businesscardbinderfindingform.c(160): error C2065: 'current': 선언되지 않은 식별자입니다.
c:\users\juju5\documents\github\parkcom\se_level3\businesscardbinderapilinkedlistlib20170317\businesscardbinderapilinkedlistlib20170317\businesscardbinderfindingform.c(161): error C2065: 'current': 선언되지 않은 식별자입니다.
c:\users\juju5\documents\github\parkcom\se_level3\businesscardbinderapilinkedlistlib20170317\businesscardbinderapilinkedlistlib20170317\businesscardbinderfindingform.c(162): error C2065: 'current': 선언되지 않은 식별자입니다.
c:\users\juju5\documents\github\parkcom\se_level3\businesscardbinderapilinkedlistlib20170317\businesscardbinderapilinkedlistlib20170317\businesscardbinderfindingform.c(163): error C2065: 'current': 선언되지 않은 식별자입니다.
c:\users\juju5\documents\github\parkcom\se_level3\businesscardbinderapilinkedlistlib20170317\businesscardbinderapilinkedlistlib20170317\businesscardbinderfindingform.c(164): error C2065: 'current': 선언되지 않은 식별자입니다.
c:\users\juju5\documents\github\parkcom\se_level3\businesscardbinderapilinkedlistlib20170317\businesscardbinderapilinkedlistlib20170317\businesscardbinderfindingform.c(165): error C2065: 'current': 선언되지 않은 식별자입니다.
c:\users\juju5\documents\github\parkcom\se_level3\businesscardbinderapilinkedlistlib20170317\businesscardbinderapilinkedlistlib20170317\businesscardbinderfindingform.c(166): error C2065: 'current': 선언되지 않은 식별자입니다.
c:\users\juju5\documents\github\parkcom\se_level3\businesscardbinderapilinkedlistlib20170317\businesscardbinderapilinkedlistlib20170317\businesscardbinderfindingform.c(167): error C2065: 'current': 선언되지 않은 식별자입니다.
c:\users\juju5\documents\github\parkcom\se_level3\businesscardbinderapilinkedlistlib20170317\businesscardbinderapilinkedlistlib20170317\businesscardbinderfindingform.c(168): error C2065: 'current': 선언되지 않은 식별자입니다.
c:\users\juju5\documents\github\parkcom\se_level3\businesscardbinderapilinkedlistlib20170317\businesscardbinderapilinkedlistlib20170317\businesscardbinderfindingform.c(169): error C2065: 'current': 선언되지 않은 식별자입니다.
c:\users\juju5\documents\github\parkcom\se_level3\businesscardbinderapilinkedlistlib20170317\businesscardbinderapilinkedlistlib20170317\businesscardbinderfindingform.c(170): error C2065: 'current': 선언되지 않은 식별자입니다.
c:\users\juju5\documents\github\parkcom\se_level3\businesscardbinderapilinkedlistlib20170317\businesscardbinderapilinkedlistlib20170317\businesscardbinderfindingform.c(180): error C2065: 'Long': 선언되지 않은 식별자입니다.
c:\users\juju5\documents\github\parkcom\se_level3\businesscardbinderapilinkedlistlib20170317\businesscardbinderapilinkedlistlib20170317\businesscardbinderfindingform.c(180): error C2146: 구문 오류: ';'이(가) 'count' 식별자 앞에 없습니다.
c:\users\juju5\documents\github\parkcom\se_level3\businesscardbinderapilinkedlistlib20170317\businesscardbinderapilinkedlistlib20170317\businesscardbinderfindingform.c(180): error C2065: 'count': 선언되지 않은 식별자입니다.
c:\users\juju5\documents\github\parkcom\se_level3\businesscardbinderapilinkedlistlib20170317\businesscardbinderapilinkedlistlib20170317\businesscardbinderfindingform.c(181): error C2065: 'Long': 선언되지 않은 식별자입니다.
c:\users\juju5\documents\github\parkcom\se_level3\businesscardbinderapilinkedlistlib20170317\businesscardbinderapilinkedlistlib20170317\businesscardbinderfindingform.c(181): error C2146: 구문 오류: ';'이(가) 'current' 식별자 앞에 없습니다.
c:\users\juju5\documents\github\parkcom\se_level3\businesscardbinderapilinkedlistlib20170317\businesscardbinderapilinkedlistlib20170317\businesscardbinderfindingform.c(181): error C2065: 'current': 선언되지 않은 식별자입니다.
c:\users\juju5\documents\github\parkcom\se_level3\businesscardbinderapilinkedlistlib20170317\businesscardbinderapilinkedlistlib20170317\businesscardbinderfindingform.c(184): error C2065: 'count': 선언되지 않은 식별자입니다.
c:\users\juju5\documents\github\parkcom\se_level3\businesscardbinderapilinkedlistlib20170317\businesscardbinderapilinkedlistlib20170317\businesscardbinderfindingform.c(184): error C2065: 'Long': 선언되지 않은 식별자입니다.
c:\users\juju5\documents\github\parkcom\se_level3\businesscardbinderapilinkedlistlib20170317\businesscardbinderapilinkedlistlib20170317\businesscardbinderfindingform.c(184): error C2146: 구문 오류: ';'이(가) 'GetPropA' 식별자 앞에 없습니다.
c:\users\juju5\documents\github\parkcom\se_level3\businesscardbinderapilinkedlistlib20170317\businesscardbinderapilinkedlistlib20170317\businesscardbinderfindingform.c(185): error C2065: 'current': 선언되지 않은 식별자입니다.
c:\users\juju5\documents\github\parkcom\se_level3\businesscardbinderapilinkedlistlib20170317\businesscardbinderapilinkedlistlib20170317\businesscardbinderfindingform.c(185): error C2065: 'Long': 선언되지 않은 식별자입니다.
c:\users\juju5\documents\github\parkcom\se_level3\businesscardbinderapilinkedlistlib20170317\businesscardbinderapilinkedlistlib20170317\businesscardbinderfindingform.c(185): error C2146: 구문 오류: ';'이(가) 'GetPropA' 식별자 앞에 없습니다.
c:\users\juju5\documents\github\parkcom\se_level3\businesscardbinderapilinkedlistlib20170317\businesscardbinderapilinkedlistlib20170317\businesscardbinderfindingform.c(186): error C2065: 'count': 선언되지 않은 식별자입니다.
c:\users\juju5\documents\github\parkcom\se_level3\businesscardbinderapilinkedlistlib20170317\businesscardbinderapilinkedlistlib20170317\businesscardbinderfindingform.c(187): error C2065: 'current': 선언되지 않은 식별자입니다.
c:\users\juju5\documents\github\parkcom\se_level3\businesscardbinderapilinkedlistlib20170317\businesscardbinderapilinkedlistlib20170317\businesscardbinderfindingform.c(188): error C2065: 'current': 선언되지 않은 식별자입니다.
c:\users\juju5\documents\github\parkcom\se_level3\businesscardbinderapilinkedlistlib20170317\businesscardbinderapilinkedlistlib20170317\businesscardbinderfindingform.c(189): error C2065: 'current': 선언되지 않은 식별자입니다.
c:\users\juju5\documents\github\parkcom\se_level3\businesscardbinderapilinkedlistlib20170317\businesscardbinderapilinkedlistlib20170317\businesscardbinderfindingform.c(194): error C2065: 'current': 선언되지 않은 식별자입니다.
c:\users\juju5\documents\github\parkcom\se_level3\businesscardbinderapilinkedlistlib20170317\businesscardbinderapilinkedlistlib20170317\businesscardbinderfindingform.c(195): error C2065: 'current': 선언되지 않은 식별자입니다.
c:\users\juju5\documents\github\parkcom\se_level3\businesscardbinderapilinkedlistlib20170317\businesscardbinderapilinkedlistlib20170317\businesscardbinderfindingform.c(196): error C2065: 'current': 선언되지 않은 식별자입니다.
c:\users\juju5\documents\github\parkcom\se_level3\businesscardbinderapilinkedlistlib20170317\businesscardbinderapilinkedlistlib20170317\businesscardbinderfindingform.c(197): error C2065: 'current': 선언되지 않은 식별자입니다.
c:\users\juju5\documents\github\parkcom\se_level3\businesscardbinderapilinkedlistlib20170317\businesscardbinderapilinkedlistlib20170317\businesscardbinderfindingform.c(198): error C2065: 'current': 선언되지 않은 식별자입니다.
c:\users\juju5\documents\github\parkcom\se_level3\businesscardbinderapilinkedlistlib20170317\businesscardbinderapilinkedlistlib20170317\businesscardbinderfindingform.c(199): error C2065: 'current': 선언되지 않은 식별자입니다.
c:\users\juju5\documents\github\parkcom\se_level3\businesscardbinderapilinkedlistlib20170317\businesscardbinderapilinkedlistlib20170317\businesscardbinderfindingform.c(200): error C2065: 'current': 선언되지 않은 식별자입니다.
c:\users\juju5\documents\github\parkcom\se_level3\businesscardbinderapilinkedlistlib20170317\businesscardbinderapilinkedlistlib20170317\businesscardbinderfindingform.c(201): error C2065: 'current': 선언되지 않은 식별자입니다.
c:\users\juju5\documents\github\parkcom\se_level3\businesscardbinderapilinkedlistlib20170317\businesscardbinderapilinkedlistlib20170317\businesscardbinderfindingform.c(202): error C2065: 'current': 선언되지 않은 식별자입니다.
c:\users\juju5\documents\github\parkcom\se_level3\businesscardbinderapilinkedlistlib20170317\businesscardbinderapilinkedlistlib20170317\businesscardbinderfindingform.c(203): error C2065: 'current': 선언되지 않은 식별자입니다.
c:\users\juju5\documents\github\parkcom\se_level3\businesscardbinderapilinkedlistlib20170317\businesscardbinderapilinkedlistlib20170317\businesscardbinderfindingform.c(214): error C2065: 'Long': 선언되지 않은 식별자입니다.
c:\users\juju5\documents\github\parkcom\se_level3\businesscardbinderapilinkedlistlib20170317\businesscardbinderapilinkedlistlib20170317\businesscardbinderfindingform.c(214): error C2146: 구문 오류: ';'이(가) 'count' 식별자 앞에 없습니다.
c:\users\juju5\documents\github\parkcom\se_level3\businesscardbinderapilinkedlistlib20170317\businesscardbinderapilinkedlistlib20170317\businesscardbinderfindingform.c(214): error C2065: 'count': 선언되지 않은 식별자입니다.
c:\users\juju5\documents\github\parkcom\se_level3\businesscardbinderapilinkedlistlib20170317\businesscardbinderapilinkedlistlib20170317\businesscardbinderfindingform.c(215): error C2065: 'Long': 선언되지 않은 식별자입니다.
c:\users\juju5\documents\github\parkcom\se_level3\businesscardbinderapilinkedlistlib20170317\businesscardbinderapilinkedlistlib20170317\businesscardbinderfindingform.c(215): error C2146: 구문 오류: ';'이(가) 'current' 식별자 앞에 없습니다.
c:\users\juju5\documents\github\parkcom\se_level3\businesscardbinderapilinkedlistlib20170317\businesscardbinderapilinkedlistlib20170317\businesscardbinderfindingform.c(215): error C2065: 'current': 선언되지 않은 식별자입니다.
c:\users\juju5\documents\github\parkcom\se_level3\businesscardbinderapilinkedlistlib20170317\businesscardbinderapilinkedlistlib20170317\businesscardbinderfindingform.c(218): error C2065: 'count': 선언되지 않은 식별자입니다.
c:\users\juju5\documents\github\parkcom\se_level3\businesscardbinderapilinkedlistlib20170317\businesscardbinderapilinkedlistlib20170317\businesscardbinderfindingform.c(218): error C2065: 'Long': 선언되지 않은 식별자입니다.
c:\users\juju5\documents\github\parkcom\se_level3\businesscardbinderapilinkedlistlib20170317\businesscardbinderapilinkedlistlib20170317\businesscardbinderfindingform.c(218): error C2146: 구문 오류: ';'이(가) 'GetPropA' 식별자 앞에 없습니다.
c:\users\juju5\documents\github\parkcom\se_level3\businesscardbinderapilinkedlistlib20170317\businesscardbinderapilinkedlistlib20170317\businesscardbinderfindingform.c(219): error C2065: 'count': 선언되지 않은 식별자입니다.
c:\users\juju5\documents\github\parkcom\se_level3\businesscardbinderapilinkedlistlib20170317\businesscardbinderapilinkedlistlib20170317\businesscardbinderfindingform.c(220): error C2065: 'current': 선언되지 않은 식별자입니다.
c:\users\juju5\documents\github\parkcom\se_level3\businesscardbinderapilinkedlistlib20170317\businesscardbinderapilinkedlistlib20170317\businesscardbinderfindingform.c(220): error C2065: 'Long': 선언되지 않은 식별자입니다.
c:\users\juju5\documents\github\parkcom\se_level3\businesscardbinderapilinkedlistlib20170317\businesscardbinderapilinkedlistlib20170317\businesscardbinderfindingform.c(220): error C2146: 구문 오류: ';'이(가) 'GetPropA' 식별자 앞에 없습니다.
c:\users\juju5\documents\github\parkcom\se_level3\businesscardbinderapilinkedlistlib20170317\businesscardbinderapilinkedlistlib20170317\businesscardbinderfindingform.c(222): error C2065: 'current': 선언되지 않은 식별자입니다.
c:\users\juju5\documents\github\parkcom\se_level3\businesscardbinderapilinkedlistlib20170317\businesscardbinderapilinkedlistlib20170317\businesscardbinderfindingform.c(223): error C2065: 'current': 선언되지 않은 식별자입니다.
c:\users\juju5\documents\github\parkcom\se_level3\businesscardbinderapilinkedlistlib20170317\businesscardbinderapilinkedlistlib20170317\businesscardbinderfindingform.c(223): error C2065: 'count': 선언되지 않은 식별자입니다.
c:\users\juju5\documents\github\parkcom\se_level3\businesscardbinderapilinkedlistlib20170317\businesscardbinderapilinkedlistlib20170317\businesscardbinderfindingform.c(224): error C2065: 'current': 선언되지 않은 식별자입니다.
c:\users\juju5\documents\github\parkcom\se_level3\businesscardbinderapilinkedlistlib20170317\businesscardbinderapilinkedlistlib20170317\businesscardbinderfindingform.c(224): error C2065: 'count': 선언되지 않은 식별자입니다.
c:\users\juju5\documents\github\parkcom\se_level3\businesscardbinderapilinkedlistlib20170317\businesscardbinderapilinkedlistlib20170317\businesscardbinderfindingform.c(229): error C2065: 'current': 선언되지 않은 식별자입니다.
c:\users\juju5\documents\github\parkcom\se_level3\businesscardbinderapilinkedlistlib20170317\businesscardbinderapilinkedlistlib20170317\businesscardbinderfindingform.c(230): error C2065: 'current': 선언되지 않은 식별자입니다.
c:\users\juju5\documents\github\parkcom\se_level3\businesscardbinderapilinkedlistlib20170317\businesscardbinderapilinkedlistlib20170317\businesscardbinderfindingform.c(231): error C2065: 'current': 선언되지 않은 식별자입니다.
c:\users\juju5\documents\github\parkcom\se_level3\businesscardbinderapilinkedlistlib20170317\businesscardbinderapilinkedlistlib20170317\businesscardbinderfindingform.c(232): error C2065: 'current': 선언되지 않은 식별자입니다.
c:\users\juju5\documents\github\parkcom\se_level3\businesscardbinderapilinkedlistlib20170317\businesscardbinderapilinkedlistlib20170317\businesscardbinderfindingform.c(233): error C2065: 'current': 선언되지 않은 식별자입니다.
c:\users\juju5\documents\github\parkcom\se_level3\businesscardbinderapilinkedlistlib20170317\businesscardbinderapilinkedlistlib20170317\businesscardbinderfindingform.c(234): error C2065: 'current': 선언되지 않은 식별자입니다.
c:\users\juju5\documents\github\parkcom\se_level3\businesscardbinderapilinkedlistlib20170317\businesscardbinderapilinkedlistlib20170317\businesscardbinderfindingform.c(235): error C2065: 'current': 선언되지 않은 식별자입니다.
c:\users\juju5\documents\github\parkcom\se_level3\businesscardbinderapilinkedlistlib20170317\businesscardbinderapilinkedlistlib20170317\businesscardbinderfindingform.c(236): error C2065: 'current': 선언되지 않은 식별자입니다.
c:\users\juju5\documents\github\parkcom\se_level3\businesscardbinderapilinkedlistlib20170317\businesscardbinderapilinkedlistlib20170317\businesscardbinderfindingform.c(237): error C2065: 'current': 선언되지 않은 식별자입니다.
c:\users\juju5\documents\github\parkcom\se_level3\businesscardbinderapilinkedlistlib20170317\businesscardbinderapilinkedlistlib20170317\businesscardbinderfindingform.c(238): error C2065: 'current': 선언되지 않은 식별자입니다.
c:\users\juju5\documents\github\parkcom\se_level3\businesscardbinderapilinkedlistlib20170317\businesscardbinderapilinkedlistlib20170317\businesscardbinderfindingform.c(248): error C2065: 'Long': 선언되지 않은 식별자입니다.
c:\users\juju5\documents\github\parkcom\se_level3\businesscardbinderapilinkedlistlib20170317\businesscardbinderapilinkedlistlib20170317\businesscardbinderfindingform.c(248): error C2146: 구문 오류: ';'이(가) 'count' 식별자 앞에 없습니다.
c:\users\juju5\documents\github\parkcom\se_level3\businesscardbinderapilinkedlistlib20170317\businesscardbinderapilinkedlistlib20170317\businesscardbinderfindingform.c(248): error C2065: 'count': 선언되지 않은 식별자입니다.
c:\users\juju5\documents\github\parkcom\se_level3\businesscardbinderapilinkedlistlib20170317\businesscardbinderapilinkedlistlib20170317\businesscardbinderfindingform.c(249): error C2065: 'Long': 선언되지 않은 식별자입니다.
c:\users\juju5\documents\github\parkcom\se_level3\businesscardbinderapilinkedlistlib20170317\businesscardbinderapilinkedlistlib20170317\businesscardbinderfindingform.c(249): error C2146: 구문 오류: ';'이(가) 'current' 식별자 앞에 없습니다.
c:\users\juju5\documents\github\parkcom\se_level3\businesscardbinderapilinkedlistlib20170317\businesscardbinderapilinkedlistlib20170317\businesscardbinderfindingform.c(249): error C2065: 'current': 선언되지 않은 식별자입니다.
c:\users\juju5\documents\github\parkcom\se_level3\businesscardbinderapilinkedlistlib20170317\businesscardbinderapilinkedlistlib20170317\businesscardbinderfindingform.c(253): error C2065: 'count': 선언되지 않은 식별자입니다.
c:\users\juju5\documents\github\parkcom\se_level3\businesscardbinderapilinkedlistlib20170317\businesscardbinderapilinkedlistlib20170317\businesscardbinderfindingform.c(253): error C2065: 'Long': 선언되지 않은 식별자입니다.
c:\users\juju5\documents\github\parkcom\se_level3\businesscardbinderapilinkedlistlib20170317\businesscardbinderapilinkedlistlib20170317\businesscardbinderfindingform.c(253): error C2146: 구문 오류: ';'이(가) 'GetPropA' 식별자 앞에 없습니다.
c:\users\juju5\documents\github\parkcom\se_level3\businesscardbinderapilinkedlistlib20170317\businesscardbinderapilinkedlistlib20170317\businesscardbinderfindingform.c(254): error C2065: 'current': 선언되지 않은 식별자입니다.
c:\users\juju5\documents\github\parkcom\se_level3\businesscardbinderapilinkedlistlib20170317\businesscardbinderapilinkedlistlib20170317\businesscardbinderfindingform.c(254): error C2065: 'count': 선언되지 않은 식별자입니다.
c:\users\juju5\documents\github\parkcom\se_level3\businesscardbinderapilinkedlistlib20170317\businesscardbinderapilinkedlistlib20170317\businesscardbinderfindingform.c(255): error C2065: 'count': 선언되지 않은 식별자입니다.
c:\users\juju5\documents\github\parkcom\se_level3\businesscardbinderapilinkedlistlib20170317\businesscardbinderapilinkedlistlib20170317\businesscardbinderfindingform.c(256): error C2065: 'current': 선언되지 않은 식별자입니다.
c:\users\juju5\documents\github\parkcom\se_level3\businesscardbinderapilinkedlistlib20170317\businesscardbinderapilinkedlistlib20170317\businesscardbinderfindingform.c(256): fatal error C1003: 오류 수가 100개를 초과했습니다. 컴파일을 중지합니다.
  BusinessCardBinder.c
  코드를 생성하고 있습니다...
