c:\users\home\documents\github\parkcom\se_level3\addressbookpostalbookarraylibrary20170306\addressbookpostalbookarraylibrary20170306\debug\vc120.pdb
c:\users\home\documents\github\parkcom\se_level3\addressbookpostalbookarraylibrary20170306\addressbookpostalbookarraylibrary20170306\debug\vc120.idb
c:\users\home\documents\github\parkcom\se_level3\addressbookpostalbookarraylibrary20170306\addressbookpostalbookarraylibrary20170306\debug\addressbook.obj
c:\users\home\documents\github\parkcom\se_level3\addressbookpostalbookarraylibrary20170306\addressbookpostalbookarraylibrary20170306\debug\array.obj
c:\users\home\documents\github\parkcom\se_level3\addressbookpostalbookarraylibrary20170306\addressbookpostalbookarraylibrary20170306\debug\findingform.obj
c:\users\home\documents\github\parkcom\se_level3\addressbookpostalbookarraylibrary20170306\addressbookpostalbookarraylibrary20170306\debug\findingzipcodeform.obj
c:\users\home\documents\github\parkcom\se_level3\addressbookpostalbookarraylibrary20170306\addressbookpostalbookarraylibrary20170306\debug\postalbook.obj
c:\users\home\documents\github\parkcom\se_level3\addressbookpostalbookarraylibrary20170306\addressbookpostalbookarraylibrary20170306\debug\updatingform.obj
c:\users\home\documents\github\parkcom\se_level3\addressbookpostalbookarraylibrary20170306\debug\addressbookpostalbookarraylibrary20170306.ilk
c:\users\home\documents\github\parkcom\se_level3\addressbookpostalbookarraylibrary20170306\debug\addressbookpostalbookarraylibrary20170306.exe
c:\users\home\documents\github\parkcom\se_level3\addressbookpostalbookarraylibrary20170306\debug\addressbookpostalbookarraylibrary20170306.pdb
c:\users\home\documents\github\parkcom\se_level3\addressbookpostalbookarraylibrary20170306\addressbookpostalbookarraylibrary20170306\debug\addressbook_gui.res
c:\users\home\documents\github\parkcom\se_level3\addressbookpostalbookarraylibrary20170306\addressbookpostalbookarraylibrary20170306\debug\addressb.c86761cf.tlog\cl.command.1.tlog
c:\users\home\documents\github\parkcom\se_level3\addressbookpostalbookarraylibrary20170306\addressbookpostalbookarraylibrary20170306\debug\addressb.c86761cf.tlog\cl.read.1.tlog
c:\users\home\documents\github\parkcom\se_level3\addressbookpostalbookarraylibrary20170306\addressbookpostalbookarraylibrary20170306\debug\addressb.c86761cf.tlog\cl.write.1.tlog
c:\users\home\documents\github\parkcom\se_level3\addressbookpostalbookarraylibrary20170306\addressbookpostalbookarraylibrary20170306\debug\addressb.c86761cf.tlog\link.command.1.tlog
c:\users\home\documents\github\parkcom\se_level3\addressbookpostalbookarraylibrary20170306\addressbookpostalbookarraylibrary20170306\debug\addressb.c86761cf.tlog\link.read.1.tlog
c:\users\home\documents\github\parkcom\se_level3\addressbookpostalbookarraylibrary20170306\addressbookpostalbookarraylibrary20170306\debug\addressb.c86761cf.tlog\link.write.1.tlog
c:\users\home\documents\github\parkcom\se_level3\addressbookpostalbookarraylibrary20170306\addressbookpostalbookarraylibrary20170306\debug\addressb.c86761cf.tlog\rc.command.1.tlog
c:\users\home\documents\github\parkcom\se_level3\addressbookpostalbookarraylibrary20170306\addressbookpostalbookarraylibrary20170306\debug\addressb.c86761cf.tlog\rc.read.1.tlog
c:\users\home\documents\github\parkcom\se_level3\addressbookpostalbookarraylibrary20170306\addressbookpostalbookarraylibrary20170306\debug\addressb.c86761cf.tlog\rc.write.1.tlog
